# JRE version: Java(TM) SE Runtime Environment (20.0.2+9) (build 20.0.2+9-78)
# Java VM: Java HotSpot(TM) 64-Bit Server VM (20.0.2+9-78, mixed mode, sharing, tiered, compressed oops, compressed class ptrs, g1 gc, windows-amd64)
GC Precious Log:
 CardTable entry size: 512
 Card Set container configuration: InlinePtr #cards 4 size 8 Array Of Cards #cards 16 size 48 Howl #buckets 8 coarsen threshold 3686 Howl Bitmap #cards 512 size 80 coarsen threshold 460 Card regions per heap region 1 cards per card region 4096
 CPUs: 4 total, 4 available
 Memory: 16249M
 Large Page Support: Disabled
 NUMA Support: Disabled
 Compressed Oops: Enabled (Zero based)
 Heap Region Size: 2M
 Heap Min Capacity: 8M
 Heap Initial Capacity: 254M
 Heap Max Capacity: 4064M
 Pre-touch: Disabled
 Parallel Workers: 4
 Concurrent Workers: 1
 Concurrent Refinement Workers: 4
 Periodic GC: Disabled
Heap:
 garbage-first heap   total 143360K, used 100837K [0x0000000702000000, 0x0000000800000000)
  region size 2048K, 24 young (49152K), 4 survivors (8192K)
 Metaspace       used 34437K, committed 34752K, reserved 1114112K
  class space    used 3823K, committed 3968K, reserved 1048576K
GC Heap History (14 events):
Event: 0.453 GC heap before
{Heap before GC invocations=0 (full 0):
 garbage-first heap   total 260096K, used 10240K [0x0000000702000000, 0x0000000800000000)
  region size 2048K, 6 young (12288K), 0 survivors (0K)
 Metaspace       used 626K, committed 832K, reserved 1114112K
  class space    used 29K, committed 128K, reserved 1048576K
}
Event: 0.457 GC heap after
{Heap after GC invocations=1 (full 0):
 garbage-first heap   total 260096K, used 8073K [0x0000000702000000, 0x0000000800000000)
  region size 2048K, 1 young (2048K), 1 survivors (2048K)
 Metaspace       used 626K, committed 832K, reserved 1114112K
  class space    used 29K, committed 128K, reserved 1048576K
}
Event: 0.661 GC heap before
{Heap before GC invocations=1 (full 0):
 garbage-first heap   total 260096K, used 18313K [0x0000000702000000, 0x0000000800000000)
  region size 2048K, 6 young (12288K), 1 survivors (2048K)
 Metaspace       used 3685K, committed 3904K, reserved 1114112K
  class space    used 343K, committed 448K, reserved 1048576K
}
Event: 0.663 GC heap after
{Heap after GC invocations=2 (full 0):
 garbage-first heap   total 260096K, used 11772K [0x0000000702000000, 0x0000000800000000)
  region size 2048K, 1 young (2048K), 1 survivors (2048K)
 Metaspace       used 3685K, committed 3904K, reserved 1114112K
  class space    used 343K, committed 448K, reserved 1048576K
}
Event: 1.040 GC heap before
{Heap before GC invocations=2 (full 0):
 garbage-first heap   total 260096K, used 26108K [0x0000000702000000, 0x0000000800000000)
  region size 2048K, 9 young (18432K), 1 survivors (2048K)
 Metaspace       used 8397K, committed 8640K, reserved 1114112K
  class space    used 722K, committed 832K, reserved 1048576K
}
Event: 1.043 GC heap after
{Heap after GC invocations=3 (full 0):
 garbage-first heap   total 260096K, used 15075K [0x0000000702000000, 0x0000000800000000)
  region size 2048K, 2 young (4096K), 2 survivors (4096K)
 Metaspace       used 8397K, committed 8640K, reserved 1114112K
  class space    used 722K, committed 832K, reserved 1048576K
}
Event: 2.366 GC heap before
{Heap before GC invocations=3 (full 0):
 garbage-first heap   total 260096K, used 137955K [0x0000000702000000, 0x0000000800000000)
  region size 2048K, 62 young (126976K), 2 survivors (4096K)
 Metaspace       used 16839K, committed 17088K, reserved 1114112K
  class space    used 1579K, committed 1728K, reserved 1048576K
}
Event: 2.379 GC heap after
{Heap after GC invocations=4 (full 0):
 garbage-first heap   total 260096K, used 31637K [0x0000000702000000, 0x0000000800000000)
  region size 2048K, 8 young (16384K), 8 survivors (16384K)
 Metaspace       used 16839K, committed 17088K, reserved 1114112K
  class space    used 1579K, committed 1728K, reserved 1048576K
}
Event: 3.004 GC heap before
{Heap before GC invocations=4 (full 0):
 garbage-first heap   total 260096K, used 91029K [0x0000000702000000, 0x0000000800000000)
  region size 2048K, 38 young (77824K), 8 survivors (16384K)
 Metaspace       used 21280K, committed 21504K, reserved 1114112K
  class space    used 2097K, committed 2240K, reserved 1048576K
}
Event: 3.020 GC heap after
{Heap after GC invocations=5 (full 0):
 garbage-first heap   total 260096K, used 40624K [0x0000000702000000, 0x0000000800000000)
  region size 2048K, 4 young (8192K), 4 survivors (8192K)
 Metaspace       used 21280K, committed 21504K, reserved 1114112K
  class space    used 2097K, committed 2240K, reserved 1048576K
}
Event: 3.884 GC heap before
{Heap before GC invocations=6 (full 0):
 garbage-first heap   total 143360K, used 118448K [0x0000000702000000, 0x0000000800000000)
  region size 2048K, 42 young (86016K), 4 survivors (8192K)
 Metaspace       used 27995K, committed 28288K, reserved 1114112K
  class space    used 2919K, committed 3072K, reserved 1048576K
}
Event: 3.896 GC heap after
{Heap after GC invocations=7 (full 0):
 garbage-first heap   total 143360K, used 49633K [0x0000000702000000, 0x0000000800000000)
  region size 2048K, 5 young (10240K), 5 survivors (10240K)
 Metaspace       used 27995K, committed 28288K, reserved 1114112K
  class space    used 2919K, committed 3072K, reserved 1048576K
}
Event: 5.521 GC heap before
{Heap before GC invocations=7 (full 0):
 garbage-first heap   total 143360K, used 121313K [0x0000000702000000, 0x0000000800000000)
  region size 2048K, 37 young (75776K), 5 survivors (10240K)
 Metaspace       used 32077K, committed 32448K, reserved 1114112K
  class space    used 3483K, committed 3648K, reserved 1048576K
}
Event: 5.530 GC heap after
{Heap after GC invocations=8 (full 0):
 garbage-first heap   total 143360K, used 61925K [0x0000000702000000, 0x0000000800000000)
  region size 2048K, 4 young (8192K), 4 survivors (8192K)
 Metaspace       used 32077K, committed 32448K, reserved 1114112K
  class space    used 3483K, committed 3648K, reserved 1048576K
}

