<?xml version="1.0" encoding="UTF-8"?>
<!-- Generated by org.testng.reporters.JUnitXMLReporter -->
<testsuite ignored="46" hostname="DESKTOP-J30HNPS" failures="0" tests="24" name="Surefire test" time="0.448" errors="0" timestamp="2023-10-19T10:46:43 EEST">
  <testcase classname="tests.base.basetests.BaseTest" name="@BeforeTest clearCookiesAndLocalStorage" time="0.059">
    <failure type="org.openqa.selenium.WebDriverException" message="&amp;lt;unknown&amp;gt;: Failed to read the &amp;apos;sessionStorage&amp;apos; property from &amp;apos;Window&amp;apos;: Storage is disabled inside &amp;apos;data:&amp;apos; URLs.
  (Session info: chrome=114.0.5735.134)
Build info: version: &amp;apos;4.9.1&amp;apos;, revision: &amp;apos;eb2032df7f&amp;apos;
System info: os.name: &amp;apos;Windows 10&amp;apos;, os.arch: &amp;apos;amd64&amp;apos;, os.version: &amp;apos;10.0&amp;apos;, java.version: &amp;apos;20.0.2&amp;apos;
Driver info: org.openqa.selenium.chrome.ChromeDriver
Command: [f941fbffe045ede818606d76e762334c, executeScript {script=window.sessionStorage.clear(), args=[]}]
Capabilities {acceptInsecureCerts: false, browserName: chrome, browserVersion: 114.0.5735.134, chrome: {chromedriverVersion: 114.0.5735.90 (386bc09e8f4f..., userDataDir: C:\Users\User\AppData\Local...}, goog:chromeOptions: {debuggerAddress: localhost:61918}, networkConnectionEnabled: false, pageLoadStrategy: normal, platformName: windows, proxy: Proxy(), se:cdp: ws://localhost:61918/devtoo..., se:cdpVersion: 114.0.5735.134, setWindowRect: true, strictFileInteractability: false, timeouts: {implicit: 0, pageLoad: 300000, script: 30000}, unhandledPromptBehavior: dismiss and notify, webauthn:extension:credBlob: true, webauthn:extension:largeBlob: true, webauthn:extension:minPinLength: true, webauthn:extension:prf: true, webauthn:virtualAuthenticators: true}
Session ID: f941fbffe045ede818606d76e762334c">
      <![CDATA[org.openqa.selenium.WebDriverException: <unknown>: Failed to read the 'sessionStorage' property from 'Window': Storage is disabled inside 'data:' URLs.
  (Session info: chrome=114.0.5735.134)
Build info: version: '4.9.1', revision: 'eb2032df7f'
System info: os.name: 'Windows 10', os.arch: 'amd64', os.version: '10.0', java.version: '20.0.2'
Driver info: org.openqa.selenium.chrome.ChromeDriver
Command: [f941fbffe045ede818606d76e762334c, executeScript {script=window.sessionStorage.clear(), args=[]}]
Capabilities {acceptInsecureCerts: false, browserName: chrome, browserVersion: 114.0.5735.134, chrome: {chromedriverVersion: 114.0.5735.90 (386bc09e8f4f..., userDataDir: C:\Users\User\AppData\Local...}, goog:chromeOptions: {debuggerAddress: localhost:61918}, networkConnectionEnabled: false, pageLoadStrategy: normal, platformName: windows, proxy: Proxy(), se:cdp: ws://localhost:61918/devtoo..., se:cdpVersion: 114.0.5735.134, setWindowRect: true, strictFileInteractability: false, timeouts: {implicit: 0, pageLoad: 300000, script: 30000}, unhandledPromptBehavior: dismiss and notify, webauthn:extension:credBlob: true, webauthn:extension:largeBlob: true, webauthn:extension:minPinLength: true, webauthn:extension:prf: true, webauthn:virtualAuthenticators: true}
Session ID: f941fbffe045ede818606d76e762334c
at org.openqa.selenium.remote.codec.w3c.W3CHttpResponseCodec.createException(W3CHttpResponseCodec.java:200)
at org.openqa.selenium.remote.codec.w3c.W3CHttpResponseCodec.decode(W3CHttpResponseCodec.java:133)
at org.openqa.selenium.remote.codec.w3c.W3CHttpResponseCodec.decode(W3CHttpResponseCodec.java:53)
at org.openqa.selenium.remote.HttpCommandExecutor.execute(HttpCommandExecutor.java:193)
at org.openqa.selenium.remote.service.DriverCommandExecutor.invokeExecute(DriverCommandExecutor.java:183)
at org.openqa.selenium.remote.service.DriverCommandExecutor.execute(DriverCommandExecutor.java:158)
at org.openqa.selenium.remote.RemoteWebDriver.execute(RemoteWebDriver.java:543)
at org.openqa.selenium.remote.RemoteWebDriver.executeScript(RemoteWebDriver.java:480)
at tests.base.basetests.BaseTest.clearCookiesAndLocalStorage(BaseTest.java:85)
... Removed 29 stack frames]]>
    </failure>
  </testcase> <!-- @BeforeTest clearCookiesAndLocalStorage -->
  <testcase classname="tests.APITest.APIRegistrationTest" name="successRegTest" time="0.0">
    <skipped/>
  </testcase> <!-- successRegTest -->
  <testcase classname="tests.Pages.Autorisation.AutorisationTest" name="checkRedirectAfterAutorisation" time="0.0">
    <skipped/>
  </testcase> <!-- checkRedirectAfterAutorisation -->
  <testcase classname="tests.Pages.BetsTest.BetTest" name="checkToMakeABet" time="0.0">
    <skipped/>
  </testcase> <!-- checkToMakeABet -->
  <testcase classname="tests.Pages.BetsTest.PageTest" name="checkIsRedirectToPageBets" time="0.0">
    <skipped/>
  </testcase> <!-- checkIsRedirectToPageBets -->
  <testcase classname="tests.Pages.Bonuses.BonusesTest" name="checkBonuses" time="0.0">
    <skipped/>
  </testcase> <!-- checkBonuses -->
  <testcase classname="tests.Pages.Bonuses.PageBonusesTest" name="checkIsRedirectingToPageBonuses" time="0.0">
    <skipped/>
  </testcase> <!-- checkIsRedirectingToPageBonuses -->
  <testcase classname="tests.Pages.Casino.CasinoTest" name="CasinoPlay" time="0.0">
    <skipped/>
  </testcase> <!-- CasinoPlay -->
  <testcase classname="tests.Pages.PageAsteroid.LoginAndTrytoPlayAsteroidTest" name="checkButtonPlayAsteroid" time="0.0">
    <skipped/>
  </testcase> <!-- checkButtonPlayAsteroid -->
  <testcase classname="tests.Pages.PageAsteroid.PageAsteroidTest" name="checkIsRedirectingToPageAsteroid" time="0.0">
    <skipped/>
  </testcase> <!-- checkIsRedirectingToPageAsteroid -->
  <testcase classname="tests.Pages.pageCases.BarCasesTest" name="checkPlayCases" time="0.0">
    <skipped/>
  </testcase> <!-- checkPlayCases -->
  <testcase classname="tests.Pages.pageCases.PageCasesTest" name="checkIsRedirectToPageCases" time="0.0">
    <skipped/>
  </testcase> <!-- checkIsRedirectToPageCases -->
  <testcase classname="tests.Pages.pageCases.PlayCasesTest" name="checkPlayCases" time="0.0">
    <skipped/>
  </testcase> <!-- checkPlayCases -->
  <testcase classname="tests.Pages.PageCoin.LoginAndPlayCoinTest" name="checkPlayCoin" time="0.0">
    <skipped/>
  </testcase> <!-- checkPlayCoin -->
  <testcase classname="tests.Pages.PageCoin.PageCoinTest" name="checkIsRedirectToPageCoin" time="0.0">
    <skipped/>
  </testcase> <!-- checkIsRedirectToPageCoin -->
  <testcase classname="tests.Pages.pageCrash.LoginAndTrytoPlayCrashTest" name="checkButtomPlayCrash" time="0.0">
    <skipped/>
  </testcase> <!-- checkButtomPlayCrash -->
  <testcase classname="tests.Pages.pageCrash.PageCrashTest" name="checkIsRedirectToPageCrash" time="0.0">
    <skipped/>
  </testcase> <!-- checkIsRedirectToPageCrash -->
  <testcase classname="tests.Pages.pageMiner.LoginAndTrytoPlayMinerTest" name="checkButtonPlayMiner" time="0.0">
    <skipped/>
  </testcase> <!-- checkButtonPlayMiner -->
  <testcase classname="tests.Pages.pageMiner.PageMinerTest" name="checkIsRedirectToPageMiner" time="0.0">
    <skipped/>
  </testcase> <!-- checkIsRedirectToPageMiner -->
  <testcase classname="tests.Pages.pageMiner.PlayTheGameMinerTest" name="checkPlayMiner" time="0.0">
    <skipped/>
  </testcase> <!-- checkPlayMiner -->
  <testcase classname="tests.Pages.Payments.ReplenishmentTest" name="checkWindowReplenishment" time="0.0">
    <skipped/>
  </testcase> <!-- checkWindowReplenishment -->
  <testcase classname="tests.Pages.Profile.HistoryTest" name="Profile" time="0.0">
    <skipped/>
  </testcase> <!-- Profile -->
  <testcase classname="tests.Pages.Profile.ProfileTest" name="Profile" time="0.0">
    <skipped/>
  </testcase> <!-- Profile -->
  <testcase classname="tests.Pages.Profile.SettingsTest" name="Settings" time="0.0">
    <skipped/>
  </testcase> <!-- Settings -->
  <testcase classname="tests.Pages.Registration.RegistrationTest" name="checkRedirectAfterRegistration" time="0.0">
    <skipped/>
  </testcase> <!-- checkRedirectAfterRegistration -->
  <testcase classname="tests.base.basetests.BaseTest" name="@BeforeTest clearCookiesAndLocalStorage" time="0.0">
    <ignored/>
  </testcase> <!-- @BeforeTest clearCookiesAndLocalStorage -->
  <testcase classname="tests.base.basetests.BaseTest" name="@AfterSuite close" time="0.0">
    <ignored/>
  </testcase> <!-- @AfterSuite close -->
  <testcase classname="tests.base.basetests.BaseTest" name="@BeforeTest clearCookiesAndLocalStorage" time="0.0">
    <ignored/>
  </testcase> <!-- @BeforeTest clearCookiesAndLocalStorage -->
  <testcase classname="tests.base.basetests.BaseTest" name="@BeforeTest clearCookiesAndLocalStorage" time="0.0">
    <ignored/>
  </testcase> <!-- @BeforeTest clearCookiesAndLocalStorage -->
  <testcase classname="tests.base.basetests.BaseTest" name="@AfterSuite close" time="0.0">
    <ignored/>
  </testcase> <!-- @AfterSuite close -->
  <testcase classname="tests.base.basetests.BaseTest" name="@AfterSuite close" time="0.0">
    <ignored/>
  </testcase> <!-- @AfterSuite close -->
  <testcase classname="tests.base.basetests.BaseTest" name="@AfterSuite close" time="0.0">
    <ignored/>
  </testcase> <!-- @AfterSuite close -->
  <testcase classname="tests.base.basetests.BaseTest" name="@BeforeTest clearCookiesAndLocalStorage" time="0.0">
    <ignored/>
  </testcase> <!-- @BeforeTest clearCookiesAndLocalStorage -->
  <testcase classname="tests.base.basetests.BaseTest" name="@BeforeTest clearCookiesAndLocalStorage" time="0.0">
    <ignored/>
  </testcase> <!-- @BeforeTest clearCookiesAndLocalStorage -->
  <testcase classname="tests.base.basetests.BaseTest" name="@AfterSuite close" time="0.0">
    <ignored/>
  </testcase> <!-- @AfterSuite close -->
  <testcase classname="tests.base.basetests.BaseTest" name="@AfterSuite close" time="0.0">
    <ignored/>
  </testcase> <!-- @AfterSuite close -->
  <testcase classname="tests.base.basetests.BaseTest" name="@AfterSuite close" time="0.0">
    <ignored/>
  </testcase> <!-- @AfterSuite close -->
  <testcase classname="tests.base.basetests.BaseTest" name="@AfterSuite close" time="0.0">
    <ignored/>
  </testcase> <!-- @AfterSuite close -->
  <testcase classname="tests.base.basetests.BaseTest" name="@BeforeTest clearCookiesAndLocalStorage" time="0.0">
    <ignored/>
  </testcase> <!-- @BeforeTest clearCookiesAndLocalStorage -->
  <testcase classname="tests.base.basetests.BaseTest" name="@BeforeTest clearCookiesAndLocalStorage" time="0.0">
    <ignored/>
  </testcase> <!-- @BeforeTest clearCookiesAndLocalStorage -->
  <testcase classname="tests.base.basetests.BaseTest" name="@BeforeTest clearCookiesAndLocalStorage" time="0.0">
    <ignored/>
  </testcase> <!-- @BeforeTest clearCookiesAndLocalStorage -->
  <testcase classname="tests.base.basetests.BaseTest" name="@BeforeTest clearCookiesAndLocalStorage" time="0.0">
    <ignored/>
  </testcase> <!-- @BeforeTest clearCookiesAndLocalStorage -->
  <testcase classname="tests.base.basetests.BaseTest" name="@AfterSuite close" time="0.0">
    <ignored/>
  </testcase> <!-- @AfterSuite close -->
  <testcase classname="tests.base.basetests.BaseTest" name="@AfterSuite close" time="0.0">
    <ignored/>
  </testcase> <!-- @AfterSuite close -->
  <testcase classname="tests.base.basetests.BaseTest" name="@BeforeTest clearCookiesAndLocalStorage" time="0.0">
    <ignored/>
  </testcase> <!-- @BeforeTest clearCookiesAndLocalStorage -->
  <testcase classname="tests.base.basetests.BaseTest" name="@AfterSuite close" time="0.0">
    <ignored/>
  </testcase> <!-- @AfterSuite close -->
  <testcase classname="tests.base.basetests.BaseTest" name="@AfterSuite close" time="0.0">
    <ignored/>
  </testcase> <!-- @AfterSuite close -->
  <testcase classname="tests.base.basetests.BaseTest" name="@AfterSuite close" time="0.0">
    <ignored/>
  </testcase> <!-- @AfterSuite close -->
  <testcase classname="tests.base.basetests.BaseTest" name="@AfterSuite close" time="0.0">
    <ignored/>
  </testcase> <!-- @AfterSuite close -->
  <testcase classname="tests.base.basetests.BaseTest" name="@AfterSuite close" time="0.0">
    <ignored/>
  </testcase> <!-- @AfterSuite close -->
  <testcase classname="tests.base.basetests.BaseTest" name="@BeforeTest clearCookiesAndLocalStorage" time="0.0">
    <ignored/>
  </testcase> <!-- @BeforeTest clearCookiesAndLocalStorage -->
  <testcase classname="tests.base.basetests.BaseTest" name="@BeforeTest clearCookiesAndLocalStorage" time="0.0">
    <ignored/>
  </testcase> <!-- @BeforeTest clearCookiesAndLocalStorage -->
  <testcase classname="tests.base.basetests.BaseTest" name="@BeforeTest clearCookiesAndLocalStorage" time="0.0">
    <ignored/>
  </testcase> <!-- @BeforeTest clearCookiesAndLocalStorage -->
  <testcase classname="tests.base.basetests.BaseTest" name="@BeforeTest clearCookiesAndLocalStorage" time="0.0">
    <ignored/>
  </testcase> <!-- @BeforeTest clearCookiesAndLocalStorage -->
  <testcase classname="tests.base.basetests.BaseTest" name="@AfterSuite close" time="0.0">
    <ignored/>
  </testcase> <!-- @AfterSuite close -->
  <testcase classname="tests.base.basetests.BaseTest" name="@BeforeTest clearCookiesAndLocalStorage" time="0.0">
    <ignored/>
  </testcase> <!-- @BeforeTest clearCookiesAndLocalStorage -->
  <testcase classname="tests.base.basetests.BaseTest" name="@AfterSuite close" time="0.0">
    <ignored/>
  </testcase> <!-- @AfterSuite close -->
  <testcase classname="tests.base.basetests.BaseTest" name="@BeforeTest clearCookiesAndLocalStorage" time="0.0">
    <ignored/>
  </testcase> <!-- @BeforeTest clearCookiesAndLocalStorage -->
  <testcase classname="tests.base.basetests.BaseTest" name="@AfterSuite close" time="0.0">
    <ignored/>
  </testcase> <!-- @AfterSuite close -->
  <testcase classname="tests.base.basetests.BaseTest" name="@AfterSuite close" time="0.0">
    <ignored/>
  </testcase> <!-- @AfterSuite close -->
  <testcase classname="tests.base.basetests.BaseTest" name="@AfterSuite close" time="0.0">
    <ignored/>
  </testcase> <!-- @AfterSuite close -->
  <testcase classname="tests.base.basetests.BaseTest" name="@AfterSuite close" time="0.0">
    <ignored/>
  </testcase> <!-- @AfterSuite close -->
  <testcase classname="tests.base.basetests.BaseTest" name="@BeforeTest clearCookiesAndLocalStorage" time="0.0">
    <ignored/>
  </testcase> <!-- @BeforeTest clearCookiesAndLocalStorage -->
  <testcase classname="tests.base.basetests.BaseTest" name="@BeforeTest clearCookiesAndLocalStorage" time="0.0">
    <ignored/>
  </testcase> <!-- @BeforeTest clearCookiesAndLocalStorage -->
  <testcase classname="tests.base.basetests.BaseTest" name="@BeforeTest clearCookiesAndLocalStorage" time="0.0">
    <ignored/>
  </testcase> <!-- @BeforeTest clearCookiesAndLocalStorage -->
  <testcase classname="tests.base.basetests.BaseTest" name="@BeforeTest clearCookiesAndLocalStorage" time="0.0">
    <ignored/>
  </testcase> <!-- @BeforeTest clearCookiesAndLocalStorage -->
  <testcase classname="tests.base.basetests.BaseTest" name="@BeforeTest clearCookiesAndLocalStorage" time="0.0">
    <ignored/>
  </testcase> <!-- @BeforeTest clearCookiesAndLocalStorage -->
  <testcase classname="tests.base.basetests.BaseTest" name="@BeforeTest clearCookiesAndLocalStorage" time="0.0">
    <ignored/>
  </testcase> <!-- @BeforeTest clearCookiesAndLocalStorage -->
  <testcase classname="tests.base.basetests.BaseTest" name="@AfterSuite close" time="0.0">
    <ignored/>
  </testcase> <!-- @AfterSuite close -->
  <testcase classname="tests.base.basetests.BaseTest" name="@BeforeTest clearCookiesAndLocalStorage" time="0.0">
    <ignored/>
  </testcase> <!-- @BeforeTest clearCookiesAndLocalStorage -->
  <testcase classname="tests.base.basetests.BaseTest" name="@AfterSuite close" time="0.0">
    <ignored/>
  </testcase> <!-- @AfterSuite close -->
</testsuite> <!-- Surefire test -->
